[0.745s] Invoking command in '/home/susheel/sensor_readings/src/sensor_interface': DEBUGINFOD_URLS=https://debuginfod.ubuntu.com PYTHONPATH=/home/susheel/sensor_readings/build/sensor_interface/prefix_override:/usr/lib/python3/dist-packages/colcon_core/task/python/colcon_distutils_commands:/home/susheel/sensor_readings/install/sensor_interface/lib/python3.12/site-packages:${PYTHONPATH} /usr/bin/python3 -W ignore:setup.py install is deprecated -W ignore:easy_install command is deprecated setup.py egg_info --egg-base ../../build/sensor_interface build --build-base /home/susheel/sensor_readings/build/sensor_interface/build install --record /home/susheel/sensor_readings/build/sensor_interface/install.log --single-version-externally-managed install_data
[0.985s] running egg_info
[1.008s] writing ../../build/sensor_interface/sensor_interface.egg-info/PKG-INFO
[1.008s] writing dependency_links to ../../build/sensor_interface/sensor_interface.egg-info/dependency_links.txt
[1.008s] writing entry points to ../../build/sensor_interface/sensor_interface.egg-info/entry_points.txt
[1.008s] writing requirements to ../../build/sensor_interface/sensor_interface.egg-info/requires.txt
[1.009s] writing top-level names to ../../build/sensor_interface/sensor_interface.egg-info/top_level.txt
[1.048s] reading manifest file '../../build/sensor_interface/sensor_interface.egg-info/SOURCES.txt'
[1.049s] writing manifest file '../../build/sensor_interface/sensor_interface.egg-info/SOURCES.txt'
[1.049s] running build
[1.049s] running build_py
[1.049s] copying sensor_interface/tcp_connection_test.py -> /home/susheel/sensor_readings/build/sensor_interface/build/lib/sensor_interface
[1.049s] copying sensor_interface/tcp_client.py -> /home/susheel/sensor_readings/build/sensor_interface/build/lib/sensor_interface
[1.050s] copying sensor_interface/tcp_connect.py -> /home/susheel/sensor_readings/build/sensor_interface/build/lib/sensor_interface
[1.050s] running install
[1.055s] running install_lib
[1.075s] copying /home/susheel/sensor_readings/build/sensor_interface/build/lib/sensor_interface/tcp_connection_test.py -> /home/susheel/sensor_readings/install/sensor_interface/lib/python3.12/site-packages/sensor_interface
[1.075s] copying /home/susheel/sensor_readings/build/sensor_interface/build/lib/sensor_interface/tcp_client.py -> /home/susheel/sensor_readings/install/sensor_interface/lib/python3.12/site-packages/sensor_interface
[1.076s] copying /home/susheel/sensor_readings/build/sensor_interface/build/lib/sensor_interface/tcp_connect.py -> /home/susheel/sensor_readings/install/sensor_interface/lib/python3.12/site-packages/sensor_interface
[1.076s] byte-compiling /home/susheel/sensor_readings/install/sensor_interface/lib/python3.12/site-packages/sensor_interface/tcp_connection_test.py to tcp_connection_test.cpython-312.pyc
[1.078s] byte-compiling /home/susheel/sensor_readings/install/sensor_interface/lib/python3.12/site-packages/sensor_interface/tcp_client.py to tcp_client.cpython-312.pyc
[1.078s] byte-compiling /home/susheel/sensor_readings/install/sensor_interface/lib/python3.12/site-packages/sensor_interface/tcp_connect.py to tcp_connect.cpython-312.pyc
[1.079s] running install_data
[1.079s] running install_egg_info
[1.100s] removing '/home/susheel/sensor_readings/install/sensor_interface/lib/python3.12/site-packages/sensor_interface-0.0.0-py3.12.egg-info' (and everything under it)
[1.100s] Copying ../../build/sensor_interface/sensor_interface.egg-info to /home/susheel/sensor_readings/install/sensor_interface/lib/python3.12/site-packages/sensor_interface-0.0.0-py3.12.egg-info
[1.101s] running install_scripts
[1.233s] Installing sensor_node script to /home/susheel/sensor_readings/install/sensor_interface/lib/sensor_interface
[1.233s] Installing tcp_client script to /home/susheel/sensor_readings/install/sensor_interface/lib/sensor_interface
[1.233s] writing list of installed files to '/home/susheel/sensor_readings/build/sensor_interface/install.log'
[1.266s] Invoked command in '/home/susheel/sensor_readings/src/sensor_interface' returned '0': DEBUGINFOD_URLS=https://debuginfod.ubuntu.com PYTHONPATH=/home/susheel/sensor_readings/build/sensor_interface/prefix_override:/usr/lib/python3/dist-packages/colcon_core/task/python/colcon_distutils_commands:/home/susheel/sensor_readings/install/sensor_interface/lib/python3.12/site-packages:${PYTHONPATH} /usr/bin/python3 -W ignore:setup.py install is deprecated -W ignore:easy_install command is deprecated setup.py egg_info --egg-base ../../build/sensor_interface build --build-base /home/susheel/sensor_readings/build/sensor_interface/build install --record /home/susheel/sensor_readings/build/sensor_interface/install.log --single-version-externally-managed install_data
