running egg_info
writing ../../build/sensor_interface/sensor_interface.egg-info/PKG-INFO
writing dependency_links to ../../build/sensor_interface/sensor_interface.egg-info/dependency_links.txt
writing entry points to ../../build/sensor_interface/sensor_interface.egg-info/entry_points.txt
writing requirements to ../../build/sensor_interface/sensor_interface.egg-info/requires.txt
writing top-level names to ../../build/sensor_interface/sensor_interface.egg-info/top_level.txt
reading manifest file '../../build/sensor_interface/sensor_interface.egg-info/SOURCES.txt'
writing manifest file '../../build/sensor_interface/sensor_interface.egg-info/SOURCES.txt'
running build
running build_py
copying sensor_interface/sensor_server.py -> /home/susheel/sensor_readings/build/sensor_interface/build/lib/sensor_interface
copying sensor_interface/sensor_client.py -> /home/susheel/sensor_readings/build/sensor_interface/build/lib/sensor_interface
copying sensor_interface/user_gui.py -> /home/susheel/sensor_readings/build/sensor_interface/build/lib/sensor_interface
running install
running install_lib
copying /home/susheel/sensor_readings/build/sensor_interface/build/lib/sensor_interface/sensor_server.py -> /home/susheel/sensor_readings/install/sensor_interface/lib/python3.12/site-packages/sensor_interface
copying /home/susheel/sensor_readings/build/sensor_interface/build/lib/sensor_interface/sensor_client.py -> /home/susheel/sensor_readings/install/sensor_interface/lib/python3.12/site-packages/sensor_interface
copying /home/susheel/sensor_readings/build/sensor_interface/build/lib/sensor_interface/user_gui.py -> /home/susheel/sensor_readings/install/sensor_interface/lib/python3.12/site-packages/sensor_interface
byte-compiling /home/susheel/sensor_readings/install/sensor_interface/lib/python3.12/site-packages/sensor_interface/sensor_server.py to sensor_server.cpython-312.pyc
byte-compiling /home/susheel/sensor_readings/install/sensor_interface/lib/python3.12/site-packages/sensor_interface/sensor_client.py to sensor_client.cpython-312.pyc
byte-compiling /home/susheel/sensor_readings/install/sensor_interface/lib/python3.12/site-packages/sensor_interface/user_gui.py to user_gui.cpython-312.pyc
running install_data
running install_egg_info
removing '/home/susheel/sensor_readings/install/sensor_interface/lib/python3.12/site-packages/sensor_interface-0.0.0-py3.12.egg-info' (and everything under it)
Copying ../../build/sensor_interface/sensor_interface.egg-info to /home/susheel/sensor_readings/install/sensor_interface/lib/python3.12/site-packages/sensor_interface-0.0.0-py3.12.egg-info
running install_scripts
Installing senser_client script to /home/susheel/sensor_readings/install/sensor_interface/lib/sensor_interface
Installing sensor_server script to /home/susheel/sensor_readings/install/sensor_interface/lib/sensor_interface
writing list of installed files to '/home/susheel/sensor_readings/build/sensor_interface/install.log'
