[0.671s] Invoking command in '/home/susheel/sensor_readings/src/sensor_interface': DEBUGINFOD_URLS=https://debuginfod.ubuntu.com PYTHONPATH=/home/susheel/sensor_readings/build/sensor_interface/prefix_override:/usr/lib/python3/dist-packages/colcon_core/task/python/colcon_distutils_commands:/home/susheel/sensor_readings/install/sensor_interface/lib/python3.12/site-packages:${PYTHONPATH} /usr/bin/python3 -W ignore:setup.py install is deprecated -W ignore:easy_install command is deprecated setup.py egg_info --egg-base ../../build/sensor_interface build --build-base /home/susheel/sensor_readings/build/sensor_interface/build install --record /home/susheel/sensor_readings/build/sensor_interface/install.log --single-version-externally-managed install_data
[0.889s] running egg_info
[0.906s] writing ../../build/sensor_interface/sensor_interface.egg-info/PKG-INFO
[0.906s] writing dependency_links to ../../build/sensor_interface/sensor_interface.egg-info/dependency_links.txt
[0.906s] writing entry points to ../../build/sensor_interface/sensor_interface.egg-info/entry_points.txt
[0.906s] writing requirements to ../../build/sensor_interface/sensor_interface.egg-info/requires.txt
[0.906s] writing top-level names to ../../build/sensor_interface/sensor_interface.egg-info/top_level.txt
[0.942s] reading manifest file '../../build/sensor_interface/sensor_interface.egg-info/SOURCES.txt'
[0.942s] writing manifest file '../../build/sensor_interface/sensor_interface.egg-info/SOURCES.txt'
[0.942s] running build
[0.942s] running build_py
[0.942s] copying sensor_interface/sensor_server.py -> /home/susheel/sensor_readings/build/sensor_interface/build/lib/sensor_interface
[0.943s] copying sensor_interface/sensor_client.py -> /home/susheel/sensor_readings/build/sensor_interface/build/lib/sensor_interface
[0.943s] copying sensor_interface/user_gui.py -> /home/susheel/sensor_readings/build/sensor_interface/build/lib/sensor_interface
[0.943s] running install
[0.948s] running install_lib
[0.965s] copying /home/susheel/sensor_readings/build/sensor_interface/build/lib/sensor_interface/sensor_server.py -> /home/susheel/sensor_readings/install/sensor_interface/lib/python3.12/site-packages/sensor_interface
[0.965s] copying /home/susheel/sensor_readings/build/sensor_interface/build/lib/sensor_interface/sensor_client.py -> /home/susheel/sensor_readings/install/sensor_interface/lib/python3.12/site-packages/sensor_interface
[0.965s] copying /home/susheel/sensor_readings/build/sensor_interface/build/lib/sensor_interface/user_gui.py -> /home/susheel/sensor_readings/install/sensor_interface/lib/python3.12/site-packages/sensor_interface
[0.965s] byte-compiling /home/susheel/sensor_readings/install/sensor_interface/lib/python3.12/site-packages/sensor_interface/sensor_server.py to sensor_server.cpython-312.pyc
[0.967s] byte-compiling /home/susheel/sensor_readings/install/sensor_interface/lib/python3.12/site-packages/sensor_interface/sensor_client.py to sensor_client.cpython-312.pyc
[0.968s] byte-compiling /home/susheel/sensor_readings/install/sensor_interface/lib/python3.12/site-packages/sensor_interface/user_gui.py to user_gui.cpython-312.pyc
[0.969s] running install_data
[0.969s] running install_egg_info
[0.987s] removing '/home/susheel/sensor_readings/install/sensor_interface/lib/python3.12/site-packages/sensor_interface-0.0.0-py3.12.egg-info' (and everything under it)
[0.987s] Copying ../../build/sensor_interface/sensor_interface.egg-info to /home/susheel/sensor_readings/install/sensor_interface/lib/python3.12/site-packages/sensor_interface-0.0.0-py3.12.egg-info
[0.987s] running install_scripts
[1.099s] Installing senser_client script to /home/susheel/sensor_readings/install/sensor_interface/lib/sensor_interface
[1.099s] Installing sensor_server script to /home/susheel/sensor_readings/install/sensor_interface/lib/sensor_interface
[1.099s] writing list of installed files to '/home/susheel/sensor_readings/build/sensor_interface/install.log'
[1.126s] Invoked command in '/home/susheel/sensor_readings/src/sensor_interface' returned '0': DEBUGINFOD_URLS=https://debuginfod.ubuntu.com PYTHONPATH=/home/susheel/sensor_readings/build/sensor_interface/prefix_override:/usr/lib/python3/dist-packages/colcon_core/task/python/colcon_distutils_commands:/home/susheel/sensor_readings/install/sensor_interface/lib/python3.12/site-packages:${PYTHONPATH} /usr/bin/python3 -W ignore:setup.py install is deprecated -W ignore:easy_install command is deprecated setup.py egg_info --egg-base ../../build/sensor_interface build --build-base /home/susheel/sensor_readings/build/sensor_interface/build install --record /home/susheel/sensor_readings/build/sensor_interface/install.log --single-version-externally-managed install_data
