running egg_info
creating ../../build/sensor_interface/sensor_interface.egg-info
writing ../../build/sensor_interface/sensor_interface.egg-info/PKG-INFO
writing dependency_links to ../../build/sensor_interface/sensor_interface.egg-info/dependency_links.txt
writing entry points to ../../build/sensor_interface/sensor_interface.egg-info/entry_points.txt
writing requirements to ../../build/sensor_interface/sensor_interface.egg-info/requires.txt
writing top-level names to ../../build/sensor_interface/sensor_interface.egg-info/top_level.txt
writing manifest file '../../build/sensor_interface/sensor_interface.egg-info/SOURCES.txt'
reading manifest file '../../build/sensor_interface/sensor_interface.egg-info/SOURCES.txt'
writing manifest file '../../build/sensor_interface/sensor_interface.egg-info/SOURCES.txt'
running build
running build_py
creating /home/susheel/sensor_readings/build/sensor_interface/build
creating /home/susheel/sensor_readings/build/sensor_interface/build/lib
creating /home/susheel/sensor_readings/build/sensor_interface/build/lib/sensor_interface
copying sensor_interface/sensor_node.py -> /home/susheel/sensor_readings/build/sensor_interface/build/lib/sensor_interface
copying sensor_interface/__init__.py -> /home/susheel/sensor_readings/build/sensor_interface/build/lib/sensor_interface
running install
running install_lib
creating /home/susheel/sensor_readings/install/sensor_interface/lib/python3.12/site-packages/sensor_interface
copying /home/susheel/sensor_readings/build/sensor_interface/build/lib/sensor_interface/sensor_node.py -> /home/susheel/sensor_readings/install/sensor_interface/lib/python3.12/site-packages/sensor_interface
copying /home/susheel/sensor_readings/build/sensor_interface/build/lib/sensor_interface/__init__.py -> /home/susheel/sensor_readings/install/sensor_interface/lib/python3.12/site-packages/sensor_interface
byte-compiling /home/susheel/sensor_readings/install/sensor_interface/lib/python3.12/site-packages/sensor_interface/sensor_node.py to sensor_node.cpython-312.pyc
byte-compiling /home/susheel/sensor_readings/install/sensor_interface/lib/python3.12/site-packages/sensor_interface/__init__.py to __init__.cpython-312.pyc
running install_data
creating /home/susheel/sensor_readings/install/sensor_interface/share/ament_index
creating /home/susheel/sensor_readings/install/sensor_interface/share/ament_index/resource_index
creating /home/susheel/sensor_readings/install/sensor_interface/share/ament_index/resource_index/packages
copying resource/sensor_interface -> /home/susheel/sensor_readings/install/sensor_interface/share/ament_index/resource_index/packages
copying package.xml -> /home/susheel/sensor_readings/install/sensor_interface/share/sensor_interface
running install_egg_info
Copying ../../build/sensor_interface/sensor_interface.egg-info to /home/susheel/sensor_readings/install/sensor_interface/lib/python3.12/site-packages/sensor_interface-0.0.0-py3.12.egg-info
running install_scripts
Installing sensor_node script to /home/susheel/sensor_readings/install/sensor_interface/lib/sensor_interface
writing list of installed files to '/home/susheel/sensor_readings/build/sensor_interface/install.log'
