[0.791s] Invoking command in '/home/susheel/sensor_readings/src/sensor_interface': DEBUGINFOD_URLS=https://debuginfod.ubuntu.com PYTHONPATH=/home/susheel/sensor_readings/build/sensor_interface/prefix_override:/usr/lib/python3/dist-packages/colcon_core/task/python/colcon_distutils_commands:/home/susheel/sensor_readings/install/sensor_interface/lib/python3.12/site-packages:${PYTHONPATH} /usr/bin/python3 -W ignore:setup.py install is deprecated -W ignore:easy_install command is deprecated setup.py egg_info --egg-base ../../build/sensor_interface build --build-base /home/susheel/sensor_readings/build/sensor_interface/build install --record /home/susheel/sensor_readings/build/sensor_interface/install.log --single-version-externally-managed install_data
[1.011s] running egg_info
[1.011s] creating ../../build/sensor_interface/sensor_interface.egg-info
[1.028s] writing ../../build/sensor_interface/sensor_interface.egg-info/PKG-INFO
[1.028s] writing dependency_links to ../../build/sensor_interface/sensor_interface.egg-info/dependency_links.txt
[1.028s] writing entry points to ../../build/sensor_interface/sensor_interface.egg-info/entry_points.txt
[1.028s] writing requirements to ../../build/sensor_interface/sensor_interface.egg-info/requires.txt
[1.028s] writing top-level names to ../../build/sensor_interface/sensor_interface.egg-info/top_level.txt
[1.029s] writing manifest file '../../build/sensor_interface/sensor_interface.egg-info/SOURCES.txt'
[1.063s] reading manifest file '../../build/sensor_interface/sensor_interface.egg-info/SOURCES.txt'
[1.064s] writing manifest file '../../build/sensor_interface/sensor_interface.egg-info/SOURCES.txt'
[1.064s] running build
[1.064s] running build_py
[1.064s] creating /home/susheel/sensor_readings/build/sensor_interface/build
[1.064s] creating /home/susheel/sensor_readings/build/sensor_interface/build/lib
[1.064s] creating /home/susheel/sensor_readings/build/sensor_interface/build/lib/sensor_interface
[1.064s] copying sensor_interface/sensor_node.py -> /home/susheel/sensor_readings/build/sensor_interface/build/lib/sensor_interface
[1.064s] copying sensor_interface/__init__.py -> /home/susheel/sensor_readings/build/sensor_interface/build/lib/sensor_interface
[1.064s] running install
[1.069s] running install_lib
[1.086s] creating /home/susheel/sensor_readings/install/sensor_interface/lib/python3.12/site-packages/sensor_interface
[1.087s] copying /home/susheel/sensor_readings/build/sensor_interface/build/lib/sensor_interface/sensor_node.py -> /home/susheel/sensor_readings/install/sensor_interface/lib/python3.12/site-packages/sensor_interface
[1.087s] copying /home/susheel/sensor_readings/build/sensor_interface/build/lib/sensor_interface/__init__.py -> /home/susheel/sensor_readings/install/sensor_interface/lib/python3.12/site-packages/sensor_interface
[1.087s] byte-compiling /home/susheel/sensor_readings/install/sensor_interface/lib/python3.12/site-packages/sensor_interface/sensor_node.py to sensor_node.cpython-312.pyc
[1.088s] byte-compiling /home/susheel/sensor_readings/install/sensor_interface/lib/python3.12/site-packages/sensor_interface/__init__.py to __init__.cpython-312.pyc
[1.088s] running install_data
[1.088s] creating /home/susheel/sensor_readings/install/sensor_interface/share/ament_index
[1.088s] creating /home/susheel/sensor_readings/install/sensor_interface/share/ament_index/resource_index
[1.088s] creating /home/susheel/sensor_readings/install/sensor_interface/share/ament_index/resource_index/packages
[1.088s] copying resource/sensor_interface -> /home/susheel/sensor_readings/install/sensor_interface/share/ament_index/resource_index/packages
[1.088s] copying package.xml -> /home/susheel/sensor_readings/install/sensor_interface/share/sensor_interface
[1.088s] running install_egg_info
[1.107s] Copying ../../build/sensor_interface/sensor_interface.egg-info to /home/susheel/sensor_readings/install/sensor_interface/lib/python3.12/site-packages/sensor_interface-0.0.0-py3.12.egg-info
[1.108s] running install_scripts
[1.220s] Installing sensor_node script to /home/susheel/sensor_readings/install/sensor_interface/lib/sensor_interface
[1.220s] writing list of installed files to '/home/susheel/sensor_readings/build/sensor_interface/install.log'
[1.245s] Invoked command in '/home/susheel/sensor_readings/src/sensor_interface' returned '0': DEBUGINFOD_URLS=https://debuginfod.ubuntu.com PYTHONPATH=/home/susheel/sensor_readings/build/sensor_interface/prefix_override:/usr/lib/python3/dist-packages/colcon_core/task/python/colcon_distutils_commands:/home/susheel/sensor_readings/install/sensor_interface/lib/python3.12/site-packages:${PYTHONPATH} /usr/bin/python3 -W ignore:setup.py install is deprecated -W ignore:easy_install command is deprecated setup.py egg_info --egg-base ../../build/sensor_interface build --build-base /home/susheel/sensor_readings/build/sensor_interface/build install --record /home/susheel/sensor_readings/build/sensor_interface/install.log --single-version-externally-managed install_data
