[0.684s] Invoking command in '/home/susheel/sensor_readings/src/sensor_interface': DEBUGINFOD_URLS=https://debuginfod.ubuntu.com PYTHONPATH=/home/susheel/sensor_readings/build/sensor_interface/prefix_override:/usr/lib/python3/dist-packages/colcon_core/task/python/colcon_distutils_commands:/home/susheel/sensor_readings/install/sensor_interface/lib/python3.12/site-packages:${PYTHONPATH} /usr/bin/python3 -W ignore:setup.py install is deprecated -W ignore:easy_install command is deprecated setup.py egg_info --egg-base ../../build/sensor_interface build --build-base /home/susheel/sensor_readings/build/sensor_interface/build install --record /home/susheel/sensor_readings/build/sensor_interface/install.log --single-version-externally-managed install_data
[0.914s] running egg_info
[0.931s] writing ../../build/sensor_interface/sensor_interface.egg-info/PKG-INFO
[0.932s] writing dependency_links to ../../build/sensor_interface/sensor_interface.egg-info/dependency_links.txt
[0.932s] writing entry points to ../../build/sensor_interface/sensor_interface.egg-info/entry_points.txt
[0.932s] writing requirements to ../../build/sensor_interface/sensor_interface.egg-info/requires.txt
[0.932s] writing top-level names to ../../build/sensor_interface/sensor_interface.egg-info/top_level.txt
[0.967s] reading manifest file '../../build/sensor_interface/sensor_interface.egg-info/SOURCES.txt'
[0.968s] writing manifest file '../../build/sensor_interface/sensor_interface.egg-info/SOURCES.txt'
[0.968s] running build
[0.968s] running build_py
[0.968s] copying sensor_interface/sensor_server.py -> /home/susheel/sensor_readings/build/sensor_interface/build/lib/sensor_interface
[0.968s] running install
[0.973s] running install_lib
[0.991s] copying /home/susheel/sensor_readings/build/sensor_interface/build/lib/sensor_interface/sensor_server.py -> /home/susheel/sensor_readings/install/sensor_interface/lib/python3.12/site-packages/sensor_interface
[0.992s] byte-compiling /home/susheel/sensor_readings/install/sensor_interface/lib/python3.12/site-packages/sensor_interface/sensor_server.py to sensor_server.cpython-312.pyc
[0.993s] running install_data
[0.993s] running install_egg_info
[1.013s] removing '/home/susheel/sensor_readings/install/sensor_interface/lib/python3.12/site-packages/sensor_interface-0.0.0-py3.12.egg-info' (and everything under it)
[1.013s] Copying ../../build/sensor_interface/sensor_interface.egg-info to /home/susheel/sensor_readings/install/sensor_interface/lib/python3.12/site-packages/sensor_interface-0.0.0-py3.12.egg-info
[1.014s] running install_scripts
[1.128s] Installing sensor_client script to /home/susheel/sensor_readings/install/sensor_interface/lib/sensor_interface
[1.128s] Installing sensor_server script to /home/susheel/sensor_readings/install/sensor_interface/lib/sensor_interface
[1.129s] writing list of installed files to '/home/susheel/sensor_readings/build/sensor_interface/install.log'
[1.155s] Invoked command in '/home/susheel/sensor_readings/src/sensor_interface' returned '0': DEBUGINFOD_URLS=https://debuginfod.ubuntu.com PYTHONPATH=/home/susheel/sensor_readings/build/sensor_interface/prefix_override:/usr/lib/python3/dist-packages/colcon_core/task/python/colcon_distutils_commands:/home/susheel/sensor_readings/install/sensor_interface/lib/python3.12/site-packages:${PYTHONPATH} /usr/bin/python3 -W ignore:setup.py install is deprecated -W ignore:easy_install command is deprecated setup.py egg_info --egg-base ../../build/sensor_interface build --build-base /home/susheel/sensor_readings/build/sensor_interface/build install --record /home/susheel/sensor_readings/build/sensor_interface/install.log --single-version-externally-managed install_data
