[0.084s] DEBUG:colcon:Command line arguments: ['/usr/bin/colcon', 'build']
[0.084s] DEBUG:colcon:Parsed command line arguments: Namespace(log_base=None, log_level=None, verb_name='build', build_base='build', install_base='install', merge_install=False, symlink_install=False, test_result_base=None, continue_on_error=False, executor='parallel', parallel_workers=8, event_handlers=None, ignore_user_meta=False, metas=['./colcon.meta'], base_paths=['.'], packages_ignore=None, packages_ignore_regex=None, paths=None, packages_up_to=None, packages_up_to_regex=None, packages_above=None, packages_above_and_dependencies=None, packages_above_depth=None, packages_select_by_dep=None, packages_skip_by_dep=None, packages_skip_up_to=None, packages_select_build_failed=False, packages_skip_build_finished=False, packages_select_test_failures=False, packages_skip_test_passed=False, packages_select=None, packages_skip=None, packages_select_regex=None, packages_skip_regex=None, packages_start=None, packages_end=None, allow_overriding=[], cmake_args=None, cmake_target=None, cmake_target_skip_unavailable=False, cmake_clean_cache=False, cmake_clean_first=False, cmake_force_configure=False, ament_cmake_args=None, catkin_cmake_args=None, catkin_skip_building_tests=False, mixin_files=None, mixin=None, verb_parser=<colcon_mixin.mixin.mixin_argument.MixinArgumentDecorator object at 0x7cb1539837a0>, verb_extension=<colcon_core.verb.build.BuildVerb object at 0x7cb153ac36e0>, main=<bound method BuildVerb.main of <colcon_core.verb.build.BuildVerb object at 0x7cb153ac36e0>>, mixin_verb=('build',))
[0.112s] Level 1:colcon.colcon_core.package_discovery:discover_packages(colcon_meta) check parameters
[0.112s] Level 1:colcon.colcon_core.package_discovery:discover_packages(recursive) check parameters
[0.112s] Level 1:colcon.colcon_core.package_discovery:discover_packages(ignore) check parameters
[0.112s] Level 1:colcon.colcon_core.package_discovery:discover_packages(path) check parameters
[0.112s] Level 1:colcon.colcon_core.package_discovery:discover_packages(colcon_meta) discover
[0.112s] Level 1:colcon.colcon_core.package_discovery:discover_packages(recursive) discover
[0.112s] INFO:colcon.colcon_core.package_discovery:Crawling recursively for packages in '/home/susheel/sensor_readings'
[0.112s] Level 1:colcon.colcon_core.package_identification:_identify(.) by extensions ['ignore', 'ignore_ament_install']
[0.112s] Level 1:colcon.colcon_core.package_identification:_identify(.) by extension 'ignore'
[0.112s] Level 1:colcon.colcon_core.package_identification:_identify(.) by extension 'ignore_ament_install'
[0.112s] Level 1:colcon.colcon_core.package_identification:_identify(.) by extensions ['colcon_pkg']
[0.112s] Level 1:colcon.colcon_core.package_identification:_identify(.) by extension 'colcon_pkg'
[0.112s] Level 1:colcon.colcon_core.package_identification:_identify(.) by extensions ['colcon_meta']
[0.112s] Level 1:colcon.colcon_core.package_identification:_identify(.) by extension 'colcon_meta'
[0.112s] Level 1:colcon.colcon_core.package_identification:_identify(.) by extensions ['ros']
[0.112s] Level 1:colcon.colcon_core.package_identification:_identify(.) by extension 'ros'
[0.131s] Level 1:colcon.colcon_core.package_identification:_identify(.) by extensions ['cmake', 'python']
[0.131s] Level 1:colcon.colcon_core.package_identification:_identify(.) by extension 'cmake'
[0.131s] Level 1:colcon.colcon_core.package_identification:_identify(.) by extension 'python'
[0.131s] Level 1:colcon.colcon_core.package_identification:_identify(.) by extensions ['python_setup_py']
[0.131s] Level 1:colcon.colcon_core.package_identification:_identify(.) by extension 'python_setup_py'
[0.131s] Level 1:colcon.colcon_core.package_identification:_identify(build) by extensions ['ignore', 'ignore_ament_install']
[0.131s] Level 1:colcon.colcon_core.package_identification:_identify(build) by extension 'ignore'
[0.131s] Level 1:colcon.colcon_core.package_identification:_identify(build) ignored
[0.132s] Level 1:colcon.colcon_core.package_identification:_identify(install) by extensions ['ignore', 'ignore_ament_install']
[0.132s] Level 1:colcon.colcon_core.package_identification:_identify(install) by extension 'ignore'
[0.132s] Level 1:colcon.colcon_core.package_identification:_identify(install) ignored
[0.132s] Level 1:colcon.colcon_core.package_identification:_identify(log) by extensions ['ignore', 'ignore_ament_install']
[0.132s] Level 1:colcon.colcon_core.package_identification:_identify(log) by extension 'ignore'
[0.132s] Level 1:colcon.colcon_core.package_identification:_identify(log) ignored
[0.132s] Level 1:colcon.colcon_core.package_identification:_identify(src) by extensions ['ignore', 'ignore_ament_install']
[0.132s] Level 1:colcon.colcon_core.package_identification:_identify(src) by extension 'ignore'
[0.132s] Level 1:colcon.colcon_core.package_identification:_identify(src) by extension 'ignore_ament_install'
[0.132s] Level 1:colcon.colcon_core.package_identification:_identify(src) by extensions ['colcon_pkg']
[0.132s] Level 1:colcon.colcon_core.package_identification:_identify(src) by extension 'colcon_pkg'
[0.132s] Level 1:colcon.colcon_core.package_identification:_identify(src) by extensions ['colcon_meta']
[0.132s] Level 1:colcon.colcon_core.package_identification:_identify(src) by extension 'colcon_meta'
[0.132s] Level 1:colcon.colcon_core.package_identification:_identify(src) by extensions ['ros']
[0.132s] Level 1:colcon.colcon_core.package_identification:_identify(src) by extension 'ros'
[0.132s] Level 1:colcon.colcon_core.package_identification:_identify(src) by extensions ['cmake', 'python']
[0.132s] Level 1:colcon.colcon_core.package_identification:_identify(src) by extension 'cmake'
[0.132s] Level 1:colcon.colcon_core.package_identification:_identify(src) by extension 'python'
[0.132s] Level 1:colcon.colcon_core.package_identification:_identify(src) by extensions ['python_setup_py']
[0.132s] Level 1:colcon.colcon_core.package_identification:_identify(src) by extension 'python_setup_py'
[0.132s] Level 1:colcon.colcon_core.package_identification:_identify(src/sensor_interface) by extensions ['ignore', 'ignore_ament_install']
[0.132s] Level 1:colcon.colcon_core.package_identification:_identify(src/sensor_interface) by extension 'ignore'
[0.132s] Level 1:colcon.colcon_core.package_identification:_identify(src/sensor_interface) by extension 'ignore_ament_install'
[0.132s] Level 1:colcon.colcon_core.package_identification:_identify(src/sensor_interface) by extensions ['colcon_pkg']
[0.132s] Level 1:colcon.colcon_core.package_identification:_identify(src/sensor_interface) by extension 'colcon_pkg'
[0.132s] Level 1:colcon.colcon_core.package_identification:_identify(src/sensor_interface) by extensions ['colcon_meta']
[0.132s] Level 1:colcon.colcon_core.package_identification:_identify(src/sensor_interface) by extension 'colcon_meta'
[0.132s] Level 1:colcon.colcon_core.package_identification:_identify(src/sensor_interface) by extensions ['ros']
[0.132s] Level 1:colcon.colcon_core.package_identification:_identify(src/sensor_interface) by extension 'ros'
[0.134s] DEBUG:colcon.colcon_core.package_identification:Package 'src/sensor_interface' with type 'ros.ament_python' and name 'sensor_interface'
[0.134s] Level 1:colcon.colcon_core.package_discovery:discover_packages(recursive) using defaults
[0.134s] Level 1:colcon.colcon_core.package_discovery:discover_packages(ignore) discover
[0.134s] Level 1:colcon.colcon_core.package_discovery:discover_packages(ignore) using defaults
[0.134s] Level 1:colcon.colcon_core.package_discovery:discover_packages(path) discover
[0.134s] Level 1:colcon.colcon_core.package_discovery:discover_packages(path) using defaults
[0.147s] Level 1:colcon.colcon_core.package_discovery:discover_packages(prefix_path) check parameters
[0.147s] Level 1:colcon.colcon_core.package_discovery:discover_packages(prefix_path) discover
[0.148s] DEBUG:colcon.colcon_installed_package_information.package_discovery:Found 1 installed packages in /home/susheel/sensor_readings/install
[0.149s] DEBUG:colcon.colcon_installed_package_information.package_discovery:Found 4 installed packages in /home/susheel/innovix_ros/install
[0.149s] DEBUG:colcon.colcon_installed_package_information.package_discovery:Found 1 installed packages in /home/susheel/t3/install
[0.150s] DEBUG:colcon.colcon_installed_package_information.package_discovery:Found 524 installed packages in /opt/ros/jazzy
[0.152s] Level 1:colcon.colcon_core.package_discovery:discover_packages(prefix_path) using defaults
[0.208s] Level 5:colcon.colcon_core.verb:set package 'sensor_interface' build argument 'cmake_args' from command line to 'None'
[0.208s] Level 5:colcon.colcon_core.verb:set package 'sensor_interface' build argument 'cmake_target' from command line to 'None'
[0.208s] Level 5:colcon.colcon_core.verb:set package 'sensor_interface' build argument 'cmake_target_skip_unavailable' from command line to 'False'
[0.208s] Level 5:colcon.colcon_core.verb:set package 'sensor_interface' build argument 'cmake_clean_cache' from command line to 'False'
[0.208s] Level 5:colcon.colcon_core.verb:set package 'sensor_interface' build argument 'cmake_clean_first' from command line to 'False'
[0.208s] Level 5:colcon.colcon_core.verb:set package 'sensor_interface' build argument 'cmake_force_configure' from command line to 'False'
[0.208s] Level 5:colcon.colcon_core.verb:set package 'sensor_interface' build argument 'ament_cmake_args' from command line to 'None'
[0.208s] Level 5:colcon.colcon_core.verb:set package 'sensor_interface' build argument 'catkin_cmake_args' from command line to 'None'
[0.208s] Level 5:colcon.colcon_core.verb:set package 'sensor_interface' build argument 'catkin_skip_building_tests' from command line to 'False'
[0.208s] DEBUG:colcon.colcon_core.verb:Building package 'sensor_interface' with the following arguments: {'ament_cmake_args': None, 'build_base': '/home/susheel/sensor_readings/build/sensor_interface', 'catkin_cmake_args': None, 'catkin_skip_building_tests': False, 'cmake_args': None, 'cmake_clean_cache': False, 'cmake_clean_first': False, 'cmake_force_configure': False, 'cmake_target': None, 'cmake_target_skip_unavailable': False, 'install_base': '/home/susheel/sensor_readings/install/sensor_interface', 'merge_install': False, 'path': '/home/susheel/sensor_readings/src/sensor_interface', 'symlink_install': False, 'test_result_base': None}
[0.208s] INFO:colcon.colcon_core.executor:Executing jobs using 'parallel' executor
[0.209s] DEBUG:colcon.colcon_parallel_executor.executor.parallel:run_until_complete
[0.209s] INFO:colcon.colcon_ros.task.ament_python.build:Building ROS package in '/home/susheel/sensor_readings/src/sensor_interface' with build type 'ament_python'
[0.210s] Level 1:colcon.colcon_core.shell:create_environment_hook('sensor_interface', 'ament_prefix_path')
[0.211s] INFO:colcon.colcon_core.plugin_system:Skipping extension 'colcon_core.shell.bat': Not used on non-Windows systems
[0.212s] INFO:colcon.colcon_core.shell:Creating environment hook '/home/susheel/sensor_readings/install/sensor_interface/share/sensor_interface/hook/ament_prefix_path.ps1'
[0.212s] INFO:colcon.colcon_core.shell:Creating environment descriptor '/home/susheel/sensor_readings/install/sensor_interface/share/sensor_interface/hook/ament_prefix_path.dsv'
[0.213s] INFO:colcon.colcon_core.shell:Creating environment hook '/home/susheel/sensor_readings/install/sensor_interface/share/sensor_interface/hook/ament_prefix_path.sh'
[0.213s] INFO:colcon.colcon_core.shell:Skip shell extension 'powershell' for command environment: Not usable outside of PowerShell
[0.213s] DEBUG:colcon.colcon_core.shell:Skip shell extension 'dsv' for command environment
[0.385s] INFO:colcon.colcon_core.task.python.build:Building Python package in '/home/susheel/sensor_readings/src/sensor_interface'
[0.385s] INFO:colcon.colcon_core.shell:Skip shell extension 'powershell' for command environment: Not usable outside of PowerShell
[0.385s] DEBUG:colcon.colcon_core.shell:Skip shell extension 'dsv' for command environment
[0.885s] DEBUG:colcon.colcon_core.event_handler.log_command:Invoking command in '/home/susheel/sensor_readings/src/sensor_interface': DEBUGINFOD_URLS=https://debuginfod.ubuntu.com PYTHONPATH=/home/susheel/sensor_readings/build/sensor_interface/prefix_override:/usr/lib/python3/dist-packages/colcon_core/task/python/colcon_distutils_commands:/home/susheel/sensor_readings/install/sensor_interface/lib/python3.12/site-packages:${PYTHONPATH} /usr/bin/python3 -W ignore:setup.py install is deprecated -W ignore:easy_install command is deprecated setup.py egg_info --egg-base ../../build/sensor_interface build --build-base /home/susheel/sensor_readings/build/sensor_interface/build install --record /home/susheel/sensor_readings/build/sensor_interface/install.log --single-version-externally-managed install_data
[1.335s] DEBUG:colcon.colcon_core.event_handler.log_command:Invoked command in '/home/susheel/sensor_readings/src/sensor_interface' returned '0': DEBUGINFOD_URLS=https://debuginfod.ubuntu.com PYTHONPATH=/home/susheel/sensor_readings/build/sensor_interface/prefix_override:/usr/lib/python3/dist-packages/colcon_core/task/python/colcon_distutils_commands:/home/susheel/sensor_readings/install/sensor_interface/lib/python3.12/site-packages:${PYTHONPATH} /usr/bin/python3 -W ignore:setup.py install is deprecated -W ignore:easy_install command is deprecated setup.py egg_info --egg-base ../../build/sensor_interface build --build-base /home/susheel/sensor_readings/build/sensor_interface/build install --record /home/susheel/sensor_readings/build/sensor_interface/install.log --single-version-externally-managed install_data
[1.337s] Level 1:colcon.colcon_core.environment:checking '/home/susheel/sensor_readings/install/sensor_interface' for CMake module files
[1.337s] Level 1:colcon.colcon_core.environment:checking '/home/susheel/sensor_readings/install/sensor_interface' for CMake config files
[1.338s] Level 1:colcon.colcon_core.environment:checking '/home/susheel/sensor_readings/install/sensor_interface/lib'
[1.338s] Level 1:colcon.colcon_core.environment:checking '/home/susheel/sensor_readings/install/sensor_interface/bin'
[1.338s] Level 1:colcon.colcon_core.environment:checking '/home/susheel/sensor_readings/install/sensor_interface/lib/pkgconfig/sensor_interface.pc'
[1.338s] Level 1:colcon.colcon_core.environment:checking '/home/susheel/sensor_readings/install/sensor_interface/lib/python3.12/site-packages'
[1.338s] Level 1:colcon.colcon_core.shell:create_environment_hook('sensor_interface', 'pythonpath')
[1.338s] INFO:colcon.colcon_core.shell:Creating environment hook '/home/susheel/sensor_readings/install/sensor_interface/share/sensor_interface/hook/pythonpath.ps1'
[1.338s] INFO:colcon.colcon_core.shell:Creating environment descriptor '/home/susheel/sensor_readings/install/sensor_interface/share/sensor_interface/hook/pythonpath.dsv'
[1.339s] INFO:colcon.colcon_core.shell:Creating environment hook '/home/susheel/sensor_readings/install/sensor_interface/share/sensor_interface/hook/pythonpath.sh'
[1.339s] Level 1:colcon.colcon_core.environment:checking '/home/susheel/sensor_readings/install/sensor_interface/bin'
[1.339s] Level 1:colcon.colcon_core.environment:create_environment_scripts_only(sensor_interface)
[1.339s] INFO:colcon.colcon_core.shell:Creating package script '/home/susheel/sensor_readings/install/sensor_interface/share/sensor_interface/package.ps1'
[1.340s] INFO:colcon.colcon_core.shell:Creating package descriptor '/home/susheel/sensor_readings/install/sensor_interface/share/sensor_interface/package.dsv'
[1.340s] INFO:colcon.colcon_core.shell:Creating package script '/home/susheel/sensor_readings/install/sensor_interface/share/sensor_interface/package.sh'
[1.341s] INFO:colcon.colcon_core.shell:Creating package script '/home/susheel/sensor_readings/install/sensor_interface/share/sensor_interface/package.bash'
[1.341s] INFO:colcon.colcon_core.shell:Creating package script '/home/susheel/sensor_readings/install/sensor_interface/share/sensor_interface/package.zsh'
[1.342s] Level 1:colcon.colcon_core.environment:create_file_with_runtime_dependencies(/home/susheel/sensor_readings/install/sensor_interface/share/colcon-core/packages/sensor_interface)
[1.342s] DEBUG:colcon.colcon_parallel_executor.executor.parallel:closing loop
[1.342s] DEBUG:colcon.colcon_parallel_executor.executor.parallel:loop closed
[1.342s] DEBUG:colcon.colcon_parallel_executor.executor.parallel:run_until_complete finished with '0'
[1.342s] DEBUG:colcon.colcon_core.event_reactor:joining thread
[1.347s] INFO:colcon.colcon_core.plugin_system:Skipping extension 'colcon_notification.desktop_notification.terminal_notifier': Not used on non-Darwin systems
[1.347s] INFO:colcon.colcon_core.plugin_system:Skipping extension 'colcon_notification.desktop_notification.win32': Not used on non-Windows systems
[1.347s] INFO:colcon.colcon_notification.desktop_notification:Sending desktop notification using 'notify2'
[1.352s] DEBUG:colcon.colcon_core.event_reactor:joined thread
[1.353s] INFO:colcon.colcon_core.shell:Creating prefix script '/home/susheel/sensor_readings/install/local_setup.ps1'
[1.353s] INFO:colcon.colcon_core.shell:Creating prefix util module '/home/susheel/sensor_readings/install/_local_setup_util_ps1.py'
[1.354s] INFO:colcon.colcon_core.shell:Creating prefix chain script '/home/susheel/sensor_readings/install/setup.ps1'
[1.355s] INFO:colcon.colcon_core.shell:Creating prefix script '/home/susheel/sensor_readings/install/local_setup.sh'
[1.355s] INFO:colcon.colcon_core.shell:Creating prefix util module '/home/susheel/sensor_readings/install/_local_setup_util_sh.py'
[1.356s] INFO:colcon.colcon_core.shell:Creating prefix chain script '/home/susheel/sensor_readings/install/setup.sh'
[1.356s] INFO:colcon.colcon_core.shell:Creating prefix script '/home/susheel/sensor_readings/install/local_setup.bash'
[1.357s] INFO:colcon.colcon_core.shell:Creating prefix chain script '/home/susheel/sensor_readings/install/setup.bash'
[1.358s] INFO:colcon.colcon_core.shell:Creating prefix script '/home/susheel/sensor_readings/install/local_setup.zsh'
[1.358s] INFO:colcon.colcon_core.shell:Creating prefix chain script '/home/susheel/sensor_readings/install/setup.zsh'
