[0.654s] Invoking command in '/home/susheel/sensor_readings/src/sensor_interface': DEBUGINFOD_URLS=https://debuginfod.ubuntu.com PYTHONPATH=/home/susheel/sensor_readings/build/sensor_interface/prefix_override:/usr/lib/python3/dist-packages/colcon_core/task/python/colcon_distutils_commands:/home/susheel/sensor_readings/install/sensor_interface/lib/python3.12/site-packages:${PYTHONPATH} /usr/bin/python3 -W ignore:setup.py install is deprecated -W ignore:easy_install command is deprecated setup.py egg_info --egg-base ../../build/sensor_interface build --build-base /home/susheel/sensor_readings/build/sensor_interface/build install --record /home/susheel/sensor_readings/build/sensor_interface/install.log --single-version-externally-managed install_data
[0.955s] running egg_info
[0.974s] writing ../../build/sensor_interface/sensor_interface.egg-info/PKG-INFO
[0.974s] writing dependency_links to ../../build/sensor_interface/sensor_interface.egg-info/dependency_links.txt
[0.974s] writing entry points to ../../build/sensor_interface/sensor_interface.egg-info/entry_points.txt
[0.974s] writing requirements to ../../build/sensor_interface/sensor_interface.egg-info/requires.txt
[0.974s] writing top-level names to ../../build/sensor_interface/sensor_interface.egg-info/top_level.txt
[1.014s] reading manifest file '../../build/sensor_interface/sensor_interface.egg-info/SOURCES.txt'
[1.015s] writing manifest file '../../build/sensor_interface/sensor_interface.egg-info/SOURCES.txt'
[1.015s] running build
[1.015s] running build_py
[1.015s] running install
[1.021s] running install_lib
[1.042s] running install_data
[1.042s] running install_egg_info
[1.062s] removing '/home/susheel/sensor_readings/install/sensor_interface/lib/python3.12/site-packages/sensor_interface-0.0.0-py3.12.egg-info' (and everything under it)
[1.062s] Copying ../../build/sensor_interface/sensor_interface.egg-info to /home/susheel/sensor_readings/install/sensor_interface/lib/python3.12/site-packages/sensor_interface-0.0.0-py3.12.egg-info
[1.062s] running install_scripts
[1.187s] Installing senser_client script to /home/susheel/sensor_readings/install/sensor_interface/lib/sensor_interface
[1.187s] Installing sensor_server script to /home/susheel/sensor_readings/install/sensor_interface/lib/sensor_interface
[1.187s] writing list of installed files to '/home/susheel/sensor_readings/build/sensor_interface/install.log'
[1.216s] Invoked command in '/home/susheel/sensor_readings/src/sensor_interface' returned '0': DEBUGINFOD_URLS=https://debuginfod.ubuntu.com PYTHONPATH=/home/susheel/sensor_readings/build/sensor_interface/prefix_override:/usr/lib/python3/dist-packages/colcon_core/task/python/colcon_distutils_commands:/home/susheel/sensor_readings/install/sensor_interface/lib/python3.12/site-packages:${PYTHONPATH} /usr/bin/python3 -W ignore:setup.py install is deprecated -W ignore:easy_install command is deprecated setup.py egg_info --egg-base ../../build/sensor_interface build --build-base /home/susheel/sensor_readings/build/sensor_interface/build install --record /home/susheel/sensor_readings/build/sensor_interface/install.log --single-version-externally-managed install_data
